<?xml version="1.0" encoding="UTF-8"?>
<!-- Generated by org.testng.reporters.JUnitReportReporter -->
<testsuite skipped="0" hostname="DESKTOP-CP7EG1J" name="com.qa.practice.MavenProject.FirstDemo" tests="1" failures="0" timestamp="25 Jun 2020 15:45:08 GMT" time="0.022" errors="0">
  <testcase name="demo" time="0.022" classname="com.qa.practice.MavenProject.FirstDemo"/>
</testsuite> <!-- com.qa.practice.MavenProject.FirstDemo -->
