<?xml version="1.0" encoding="UTF-8"?>
<!-- Generated by org.testng.reporters.JUnitReportReporter -->
<testsuite skipped="1" hostname="DESKTOP-CP7EG1J" name="com.qa.test.FormTest" tests="1" failures="0" timestamp="28 Jun 2020 12:42:33 GMT" time="0.000" errors="0">
  <testcase name="fillDataExecution" time="0.000" classname="com.qa.test.FormTest">
    <skipped/>
  </testcase> <!-- fillDataExecution -->
</testsuite> <!-- com.qa.test.FormTest -->
